Performing C SOURCE FILE Test CMAKE_HAVE_LIBC_PTHREAD failed with the following output:
Change Dir: /home/gbariele/kmeans/parallel_computing/kmeans/kmeansCpp/CMakeFiles/CMakeTmp

Run Build Command(s):/usr/bin/make -f Makefile cmTC_ab387/fast && /usr/bin/make  -f CMakeFiles/cmTC_ab387.dir/build.make CMakeFiles/cmTC_ab387.dir/build
make[1]: ingresso nella directory «/home/gbariele/kmeans/parallel_computing/kmeans/kmeansCpp/CMakeFiles/CMakeTmp»
Building C object CMakeFiles/cmTC_ab387.dir/src.c.o
/usr/bin/cc -DCMAKE_HAVE_LIBC_PTHREAD   -o CMakeFiles/cmTC_ab387.dir/src.c.o -c /home/gbariele/kmeans/parallel_computing/kmeans/kmeansCpp/CMakeFiles/CMakeTmp/src.c
Linking C executable cmTC_ab387
/usr/local/bin/cmake -E cmake_link_script CMakeFiles/cmTC_ab387.dir/link.txt --verbose=1
/usr/bin/cc CMakeFiles/cmTC_ab387.dir/src.c.o -o cmTC_ab387 
/usr/bin/ld: CMakeFiles/cmTC_ab387.dir/src.c.o: in function `main':
src.c:(.text+0x46): undefined reference to `pthread_create'
/usr/bin/ld: src.c:(.text+0x52): undefined reference to `pthread_detach'
/usr/bin/ld: src.c:(.text+0x5e): undefined reference to `pthread_cancel'
/usr/bin/ld: src.c:(.text+0x6f): undefined reference to `pthread_join'
collect2: error: ld returned 1 exit status
make[1]: *** [CMakeFiles/cmTC_ab387.dir/build.make:99: cmTC_ab387] Errore 1
make[1]: uscita dalla directory «/home/gbariele/kmeans/parallel_computing/kmeans/kmeansCpp/CMakeFiles/CMakeTmp»
make: *** [Makefile:127: cmTC_ab387/fast] Errore 2


Source file was:
#include <pthread.h>

static void* test_func(void* data)
{
  return data;
}

int main(void)
{
  pthread_t thread;
  pthread_create(&thread, NULL, test_func, NULL);
  pthread_detach(thread);
  pthread_cancel(thread);
  pthread_join(thread, NULL);
  pthread_atfork(NULL, NULL, NULL);
  pthread_exit(NULL);

  return 0;
}

Determining if the function pthread_create exists in the pthreads failed with the following output:
Change Dir: /home/gbariele/kmeans/parallel_computing/kmeans/kmeansCpp/CMakeFiles/CMakeTmp

Run Build Command(s):/usr/bin/make -f Makefile cmTC_13bc0/fast && /usr/bin/make  -f CMakeFiles/cmTC_13bc0.dir/build.make CMakeFiles/cmTC_13bc0.dir/build
make[1]: ingresso nella directory «/home/gbariele/kmeans/parallel_computing/kmeans/kmeansCpp/CMakeFiles/CMakeTmp»
Building C object CMakeFiles/cmTC_13bc0.dir/CheckFunctionExists.c.o
/usr/bin/cc   -DCHECK_FUNCTION_EXISTS=pthread_create -o CMakeFiles/cmTC_13bc0.dir/CheckFunctionExists.c.o -c /usr/local/share/cmake-3.21/Modules/CheckFunctionExists.c
Linking C executable cmTC_13bc0
/usr/local/bin/cmake -E cmake_link_script CMakeFiles/cmTC_13bc0.dir/link.txt --verbose=1
/usr/bin/cc  -DCHECK_FUNCTION_EXISTS=pthread_create CMakeFiles/cmTC_13bc0.dir/CheckFunctionExists.c.o -o cmTC_13bc0  -lpthreads 
/usr/bin/ld: impossibile trovare -lpthreads
collect2: error: ld returned 1 exit status
make[1]: *** [CMakeFiles/cmTC_13bc0.dir/build.make:99: cmTC_13bc0] Errore 1
make[1]: uscita dalla directory «/home/gbariele/kmeans/parallel_computing/kmeans/kmeansCpp/CMakeFiles/CMakeTmp»
make: *** [Makefile:127: cmTC_13bc0/fast] Errore 2



